<?xml version="1.0" encoding="UTF-8"?>
<!-- Generated by org.testng.reporters.JUnitReportReporter -->
<testsuite hostname="DESKTOP-TRJL33N" failures="0" tests="2" name="myTest.Program1" time="68.007" errors="0" timestamp="2022-09-08T10:49:31 IST" skipped="0">
  <testcase classname="myTest.Program1" name="verifytitle" time="32.110"/>
  <system-out/>
  <testcase classname="myTest.Program1" name="verifyTitle" time="35.897"/>
  <system-out/>
</testsuite> <!-- myTest.Program1 -->
